<?xml version="1.0" encoding="UTF-8"?>
<testsuite name="TC05_UsingPrivacyStatementTest" tests="1" skipped="0" failures="0" errors="0" timestamp="2021-08-23T01:26:01" hostname="MSI" time="1.756">
  <properties/>
  <testcase name="openAndCheckPrivacyPolicy()" classname="TC05_UsingPrivacyStatementTest" time="1.756"/>
  <system-out><![CDATA[]]></system-out>
  <system-err><![CDATA[[Test worker] INFO io.github.bonigarcia.wdm.WebDriverManager - Using chromedriver 92.0.4515.107 (resolved driver for Chrome 92)
[Test worker] INFO io.github.bonigarcia.wdm.WebDriverManager - Exporting webdriver.chrome.driver as C:\Users\barto\.cache\selenium\chromedriver\win32\92.0.4515.107\chromedriver.exe
Starting ChromeDriver 92.0.4515.107 (87a818b10553a07434ea9e2b6dccf3cbe7895134-refs/branch-heads/4515@{#1634}) on port 15180
Only local connections are allowed.
Please see https://chromedriver.chromium.org/security-considerations for suggestions on keeping ChromeDriver safe.
ChromeDriver was started successfully.
aug. 23, 2021 3:26:00 DE org.openqa.selenium.remote.ProtocolHandshake createSession
INFO: Detected dialect: W3C
]]></system-err>
</testsuite>
